<?xml version="1.0" encoding="UTF-8"?>
<testsuite xmlns:xsi="http://www.w3.org/2001/XMLSchema-instance" xsi:noNamespaceSchemaLocation="https://maven.apache.org/surefire/maven-surefire-plugin/xsd/surefire-test-report-3.0.xsd" version="3.0" name="com.systech.nexus.greeting.controller.HelloControllerTest" time="1.03" tests="3" errors="0" skipped="0" failures="0">
  <properties>
[...]
</properties>
  <testcase name="shouldReturnHelloWorldMessage" classname="com.systech.nexus.greeting.controller.HelloControllerTest" time="0.088">
    <system-out><![CDATA[21:25:14.852 [main] INFO org.springframework.test.context.support.AnnotationConfigContextLoaderUtils -- Could not detect default configuration classes for test class [com.systech.nexus.greeting.controller.HelloControllerTest]: HelloControllerTest does not declare any static, non-private, non-final, nested classes annotated with @Configuration.
21:25:14.895 [main] INFO org.springframework.boot.test.context.SpringBootTestContextBootstrapper -- Found @SpringBootConfiguration com.systech.nexus.NexusApplication for test class com.systech.nexus.greeting.controller.HelloControllerTest

  .   ____          _            __ _ _
 /\\ / ___'_ __ _ _(_)_ __  __ _ \ \ \ \
( ( )\___ | '_ | '_| | '_ \/ _` | \ \ \ \
 \\/  ___)| |_)| | | | | || (_| |  ) ) ) )
  '  |____| .__|_| |_|_| |_\__, | / / / /
 =========|_|==============|___/=/_/_/_/
 :: Spring Boot ::                (v3.2.0)

2025-09-17T21:25:15.015-04:00  INFO 46790 --- [nexus] [           main] c.s.n.g.controller.HelloControllerTest   : Starting HelloControllerTest using Java 17.0.16 with PID 46790 (started by rameshbabu in /Users/rameshbabu/data/projects/systech/nexus/springboot-jwt)
2025-09-17T21:25:15.015-04:00 DEBUG 46790 --- [nexus] [           main] c.s.n.g.controller.HelloControllerTest   : Running with Spring Boot v3.2.0, Spring v6.1.1
2025-09-17T21:25:15.016-04:00  INFO 46790 --- [nexus] [           main] c.s.n.g.controller.HelloControllerTest   : No active profile set, falling back to 1 default profile: "default"
2025-09-17T21:25:15.709-04:00  INFO 46790 --- [nexus] [           main] o.s.b.t.m.w.SpringBootMockServletContext : Initializing Spring TestDispatcherServlet ''
2025-09-17T21:25:15.709-04:00  INFO 46790 --- [nexus] [           main] o.s.t.web.servlet.TestDispatcherServlet  : Initializing Servlet ''
2025-09-17T21:25:15.710-04:00  INFO 46790 --- [nexus] [           main] o.s.t.web.servlet.TestDispatcherServlet  : Completed initialization in 1 ms
2025-09-17T21:25:15.718-04:00  INFO 46790 --- [nexus] [           main] c.s.n.g.controller.HelloControllerTest   : Started HelloControllerTest in 0.803 seconds (process running for 1.107)
]]></system-out>
  </testcase>
  <testcase name="shouldReturnCustomGreeting" classname="com.systech.nexus.greeting.controller.HelloControllerTest" time="0.008"/>
  <testcase name="shouldHandleHealthCheck" classname="com.systech.nexus.greeting.controller.HelloControllerTest" time="0.004"/>
</testsuite>